F:\BAI TAP\PROJECT1\DEBUG\MAIN.OBJ
F:\BAI TAP\PROJECT1\DEBUG\VC110.PDB
F:\BAI TAP\DEBUG\PROJECT1.ILK
F:\BAI TAP\DEBUG\PROJECT1.EXE
F:\BAI TAP\DEBUG\PROJECT1.PDB
F:\Bai tap\Project1\Debug\cl.command.1.tlog
F:\Bai tap\Project1\Debug\CL.read.1.tlog
F:\Bai tap\Project1\Debug\CL.write.1.tlog
F:\Bai tap\Project1\Debug\link-cvtres.read.1.tlog
F:\Bai tap\Project1\Debug\link-cvtres.write.1.tlog
F:\Bai tap\Project1\Debug\link-rc.read.1.tlog
F:\Bai tap\Project1\Debug\link-rc.write.1.tlog
F:\Bai tap\Project1\Debug\link.command.1.tlog
F:\Bai tap\Project1\Debug\link.read.1.tlog
F:\Bai tap\Project1\Debug\link.write.1.tlog
F:\Bai tap\Project1\Debug\vc110.idb
F:\Bai tap\Project1\Debug\vc110.pdb
F:\Bai tap\Debug\Project1.pdb
F:\Bai tap\Debug\Project1.exe
F:\Bai tap\Debug\Project1.ilk
